-rw-r--r-- 1 aubfxy001 aubpathbio 242M Aug 26 22:30 Danaus_plexippus.Dplex_v4.dna.toplevel.fa
-rw-r--r-- 1 aubfxy001 aubpathbio 162K Aug 26 22:34 Danaus_plexippus.Dplex_v4.dna.toplevel.fa.amb
-rw-r--r-- 1 aubfxy001 aubpathbio 423K Aug 26 22:34 Danaus_plexippus.Dplex_v4.dna.toplevel.fa.ann
-rw-r--r-- 1 aubfxy001 aubpathbio 238M Aug 26 22:34 Danaus_plexippus.Dplex_v4.dna.toplevel.fa.bwt
-rw-r--r-- 1 aubfxy001 aubpathbio 133K Aug 26 22:30 Danaus_plexippus.Dplex_v4.dna.toplevel.fa.fai
-rw-r--r-- 1 aubfxy001 aubpathbio  60M Aug 26 22:34 Danaus_plexippus.Dplex_v4.dna.toplevel.fa.pac
-rw-r--r-- 1 aubfxy001 aubpathbio 119M Aug 26 22:35 Danaus_plexippus.Dplex_v4.dna.toplevel.fa.sa
DUEA01000031.1	30062
DUEA01004115.1	27930
DUEA01000032.1	18115
DUEA01000033.1	16974
DUEA01000034.1	16181
DUEA01000035.1	15621
DUEA01000036.1	14826
DUEA01000037.1	14577
DUEA01000038.1	12937
DUEA01000039.1	12559
DUEA01000040.1	12509
DUEA01000041.1	12023
DUEA01000042.1	12003
DUEA01000043.1	11191
DUEA01000044.1	10720
DUEA01000045.1	10609
DUEA01000046.1	10506
DUEA01000047.1	10120
DUEA01000048.1	9514
DUEA01000049.1	9497
[DONE] Reference ready.
