ERROR: Unable to locate a modulefile for 'openjdk'
ERROR: Unable to locate a modulefile for 'java'
  % Total    % Received % Xferd  Average Speed   Time    Time     Time  Current
                                 Dload  Upload   Total   Spent    Left  Speed
  0     0    0     0    0     0      0      0 --:--:-- --:--:-- --:--:--     0  0     0    0     0    0     0      0      0 --:--:-- --:--:-- --:--:--     0
100     9  100     9    0     0     35      0 --:--:-- --:--:-- --:--:--    35

gzip: stdin: not in gzip format
tar: Child returned status 1
tar: Error is not recoverable: exiting now
  % Total    % Received % Xferd  Average Speed   Time    Time     Time  Current
                                 Dload  Upload   Total   Spent    Left  Speed
  0     0    0     0    0     0      0      0 --:--:-- --:--:-- --:--:--     0  0     0    0     0    0     0      0      0 --:--:-- --:--:-- --:--:--     0 18  191M   18 35.5M    0     0  34.1M      0  0:00:05  0:00:01  0:00:04 34.1M 42  191M   42 80.5M    0     0  39.3M      0  0:00:04  0:00:02  0:00:02 39.3M 64  191M   64  122M    0     0  40.3M      0  0:00:04  0:00:03  0:00:01 40.3M 87  191M   87  168M    0     0  41.6M      0  0:00:04  0:00:04 --:--:-- 41.6M100  191M  100  191M    0     0  44.0M      0  0:00:04  0:00:04 --:--:-- 44.4M
openjdk version "11.0.23" 2024-04-16 LTS
OpenJDK Runtime Environment Zulu11.72+19-CA (build 11.0.23+9-LTS)
OpenJDK 64-Bit Server VM Zulu11.72+19-CA (build 11.0.23+9-LTS, mixed mode)
ERROR: Unable to locate a modulefile for 'trimmomatic'
  % Total    % Received % Xferd  Average Speed   Time    Time     Time  Current
                                 Dload  Upload   Total   Spent    Left  Speed
  0     0    0     0    0     0      0      0 --:--:-- --:--:-- --:--:--     0  0     0    0     0    0     0      0      0 --:--:-- --:--:-- --:--:--     0  0     0    0     0    0     0      0      0 --:--:--  0:00:01 --:--:--     0100  130k  100  130k    0     0  57858      0  0:00:02  0:00:02 --:--:-- 57883
TrimmomaticPE: Started with arguments:
 -threads 4 -phred33 SRR25297534_1.fastq SRR25297534_2.fastq trim/SRR25297534_1P.trim.fastq.gz trim/SRR25297534_1U.trim.fastq.gz trim/SRR25297534_2P.trim.fastq.gz trim/SRR25297534_2U.trim.fastq.gz ILLUMINACLIP:bin/Trimmomatic-0.39/adapters/TruSeq3-PE.fa:2:30:10 LEADING:3 TRAILING:3 SLIDINGWINDOW:4:20 MINLEN:50 -trimlog trim/trimmomatic.log
Using PrefixPair: 'TACACTCTTTCCCTACACGACGCTCTTCCGATCT' and 'GTGACTGGAGTTCAGACGTGTGCTCTTCCGATCT'
ILLUMINACLIP: Using 1 prefix pairs, 0 forward/reverse sequences, 0 forward only sequences, 0 reverse only sequences
Input Read Pairs: 16588021 Both Surviving: 15605818 (94.08%) Forward Only Surviving: 701590 (4.23%) Reverse Only Surviving: 118264 (0.71%) Dropped: 162349 (0.98%)
TrimmomaticPE: Completed successfully
Started analysis of SRR25297534_1P.trim.fastq.gz
Started analysis of SRR25297534_2P.trim.fastq.gz
Approx 5% complete for SRR25297534_2P.trim.fastq.gz
Approx 5% complete for SRR25297534_1P.trim.fastq.gz
Approx 10% complete for SRR25297534_2P.trim.fastq.gz
Approx 10% complete for SRR25297534_1P.trim.fastq.gz
Approx 15% complete for SRR25297534_2P.trim.fastq.gz
Approx 15% complete for SRR25297534_1P.trim.fastq.gz
Approx 20% complete for SRR25297534_2P.trim.fastq.gz
Approx 20% complete for SRR25297534_1P.trim.fastq.gz
Approx 25% complete for SRR25297534_2P.trim.fastq.gz
Approx 25% complete for SRR25297534_1P.trim.fastq.gz
Approx 30% complete for SRR25297534_2P.trim.fastq.gz
Approx 30% complete for SRR25297534_1P.trim.fastq.gz
Approx 35% complete for SRR25297534_2P.trim.fastq.gz
Approx 35% complete for SRR25297534_1P.trim.fastq.gz
Approx 40% complete for SRR25297534_2P.trim.fastq.gz
Approx 40% complete for SRR25297534_1P.trim.fastq.gz
Approx 45% complete for SRR25297534_2P.trim.fastq.gz
Approx 45% complete for SRR25297534_1P.trim.fastq.gz
Approx 50% complete for SRR25297534_2P.trim.fastq.gz
Approx 50% complete for SRR25297534_1P.trim.fastq.gz
Approx 55% complete for SRR25297534_2P.trim.fastq.gz
Approx 55% complete for SRR25297534_1P.trim.fastq.gz
Approx 60% complete for SRR25297534_2P.trim.fastq.gz
Approx 65% complete for SRR25297534_2P.trim.fastq.gz
Approx 60% complete for SRR25297534_1P.trim.fastq.gz
Approx 70% complete for SRR25297534_2P.trim.fastq.gz
Approx 65% complete for SRR25297534_1P.trim.fastq.gz
Approx 75% complete for SRR25297534_2P.trim.fastq.gz
Approx 70% complete for SRR25297534_1P.trim.fastq.gz
Approx 80% complete for SRR25297534_2P.trim.fastq.gz
Approx 75% complete for SRR25297534_1P.trim.fastq.gz
Approx 85% complete for SRR25297534_2P.trim.fastq.gz
Approx 80% complete for SRR25297534_1P.trim.fastq.gz
Approx 90% complete for SRR25297534_2P.trim.fastq.gz
Approx 85% complete for SRR25297534_1P.trim.fastq.gz
Approx 95% complete for SRR25297534_2P.trim.fastq.gz
Approx 90% complete for SRR25297534_1P.trim.fastq.gz
Approx 100% complete for SRR25297534_2P.trim.fastq.gz
Approx 95% complete for SRR25297534_1P.trim.fastq.gz
Approx 100% complete for SRR25297534_1P.trim.fastq.gz
